c:\nu q4\csc196\csc196-gameengine\x64\debug\engine.pdb
c:\nu q4\csc196\csc196-gameengine\x64\debug\engine.idb
c:\nu q4\csc196\csc196-gameengine\engine\x64\debug\renderer.obj
c:\nu q4\csc196\csc196-gameengine\engine\x64\debug\particle.obj
c:\nu q4\csc196\csc196-gameengine\engine\x64\debug\model.obj
c:\nu q4\csc196\csc196-gameengine\engine\x64\debug\etime.obj
c:\nu q4\csc196\csc196-gameengine\engine\x64\debug\input.obj
c:\nu q4\csc196\csc196-gameengine\engine\x64\debug\scene.obj
c:\nu q4\csc196\csc196-gameengine\engine\x64\debug\engine.obj
c:\nu q4\csc196\csc196-gameengine\engine\x64\debug\actor.obj
c:\nu q4\csc196\csc196-gameengine\engine\x64\debug\audio.obj
c:\nu q4\csc196\csc196-gameengine\x64\debug\engine.lib
c:\nu q4\csc196\csc196-gameengine\engine\x64\debug\test.obj
c:\nu q4\csc196\csc196-gameengine\engine\x64\debug\engine.tlog\cl.command.1.tlog
c:\nu q4\csc196\csc196-gameengine\engine\x64\debug\engine.tlog\cl.items.tlog
c:\nu q4\csc196\csc196-gameengine\engine\x64\debug\engine.tlog\cl.read.1.tlog
c:\nu q4\csc196\csc196-gameengine\engine\x64\debug\engine.tlog\cl.write.1.tlog
c:\nu q4\csc196\csc196-gameengine\engine\x64\debug\engine.tlog\lib-link.read.1.tlog
c:\nu q4\csc196\csc196-gameengine\engine\x64\debug\engine.tlog\lib-link.write.1.tlog
c:\nu q4\csc196\csc196-gameengine\engine\x64\debug\engine.tlog\lib.command.1.tlog
